[0.701s] DEBUG:colcon:Command line arguments: ['/usr/bin/colcon', 'list', '-p', '--base-paths', '/home/ubuntu/ros2_cws']
[0.701s] DEBUG:colcon:Parsed command line arguments: Namespace(log_base=None, log_level=None, verb_name='list', build_base='build', ignore_user_meta=False, metas=['./colcon.meta'], base_paths=['/home/ubuntu/ros2_cws'], packages_ignore=None, packages_ignore_regex=None, paths=None, packages_up_to=None, packages_up_to_regex=None, packages_above=None, packages_above_and_dependencies=None, packages_above_depth=None, packages_select_by_dep=None, packages_skip_by_dep=None, packages_skip_up_to=None, packages_select_build_failed=False, packages_skip_build_finished=False, packages_select_test_failures=False, packages_skip_test_passed=False, packages_select=None, packages_skip=None, packages_select_regex=None, packages_skip_regex=None, packages_start=None, packages_end=None, allow_overriding=[], topological_order=False, names_only=False, paths_only=True, topological_graph=False, topological_graph_dot=False, topological_graph_density=False, topological_graph_legend=False, topological_graph_dot_cluster=False, topological_graph_dot_include_skipped=False, verb_parser=<colcon_defaults.argument_parser.defaults.DefaultArgumentsDecorator object at 0x7f8c09354a90>, verb_extension=<colcon_package_information.verb.list.ListVerb object at 0x7f8c093560b0>, main=<bound method ListVerb.main of <colcon_package_information.verb.list.ListVerb object at 0x7f8c093560b0>>)
[0.735s] Level 1:colcon.colcon_core.package_discovery:discover_packages(colcon_meta) check parameters
[0.736s] Level 1:colcon.colcon_core.package_discovery:discover_packages(recursive) check parameters
[0.736s] Level 1:colcon.colcon_core.package_discovery:discover_packages(ignore) check parameters
[0.736s] Level 1:colcon.colcon_core.package_discovery:discover_packages(path) check parameters
[0.736s] Level 1:colcon.colcon_core.package_discovery:discover_packages(recursive) discover
[0.736s] INFO:colcon.colcon_core.package_discovery:Crawling recursively for packages in '/home/ubuntu/ros2_cws'
[0.736s] Level 1:colcon.colcon_core.package_identification:_identify(/home/ubuntu/ros2_cws) by extensions ['ignore', 'ignore_ament_install']
[0.736s] Level 1:colcon.colcon_core.package_identification:_identify(/home/ubuntu/ros2_cws) by extension 'ignore'
[0.736s] Level 1:colcon.colcon_core.package_identification:_identify(/home/ubuntu/ros2_cws) by extension 'ignore_ament_install'
[0.736s] Level 1:colcon.colcon_core.package_identification:_identify(/home/ubuntu/ros2_cws) by extensions ['colcon_pkg']
[0.736s] Level 1:colcon.colcon_core.package_identification:_identify(/home/ubuntu/ros2_cws) by extension 'colcon_pkg'
[0.736s] Level 1:colcon.colcon_core.package_identification:_identify(/home/ubuntu/ros2_cws) by extensions ['colcon_meta']
[0.736s] Level 1:colcon.colcon_core.package_identification:_identify(/home/ubuntu/ros2_cws) by extension 'colcon_meta'
[0.736s] Level 1:colcon.colcon_core.package_identification:_identify(/home/ubuntu/ros2_cws) by extensions ['ros']
[0.736s] Level 1:colcon.colcon_core.package_identification:_identify(/home/ubuntu/ros2_cws) by extension 'ros'
[0.745s] Level 1:colcon.colcon_core.package_identification:_identify(/home/ubuntu/ros2_cws) by extensions ['cmake', 'python']
[0.745s] Level 1:colcon.colcon_core.package_identification:_identify(/home/ubuntu/ros2_cws) by extension 'cmake'
[0.745s] Level 1:colcon.colcon_core.package_identification:_identify(/home/ubuntu/ros2_cws) by extension 'python'
[0.746s] Level 1:colcon.colcon_core.package_identification:_identify(/home/ubuntu/ros2_cws) by extensions ['python_setup_py']
[0.746s] Level 1:colcon.colcon_core.package_identification:_identify(/home/ubuntu/ros2_cws) by extension 'python_setup_py'
[0.925s] Level 1:colcon.colcon_core.package_identification:_identify(/home/ubuntu/ros2_cws/build) by extensions ['ignore', 'ignore_ament_install']
[0.926s] Level 1:colcon.colcon_core.package_identification:_identify(/home/ubuntu/ros2_cws/build) by extension 'ignore'
[0.926s] Level 1:colcon.colcon_core.package_identification:_identify(/home/ubuntu/ros2_cws/build) ignored
[0.926s] Level 1:colcon.colcon_core.package_identification:_identify(/home/ubuntu/ros2_cws/install) by extensions ['ignore', 'ignore_ament_install']
[0.926s] Level 1:colcon.colcon_core.package_identification:_identify(/home/ubuntu/ros2_cws/install) by extension 'ignore'
[0.927s] Level 1:colcon.colcon_core.package_identification:_identify(/home/ubuntu/ros2_cws/install) ignored
[0.927s] Level 1:colcon.colcon_core.package_identification:_identify(/home/ubuntu/ros2_cws/log) by extensions ['ignore', 'ignore_ament_install']
[0.927s] Level 1:colcon.colcon_core.package_identification:_identify(/home/ubuntu/ros2_cws/log) by extension 'ignore'
[0.927s] Level 1:colcon.colcon_core.package_identification:_identify(/home/ubuntu/ros2_cws/log) ignored
[0.927s] Level 1:colcon.colcon_core.package_identification:_identify(/home/ubuntu/ros2_cws/src) by extensions ['ignore', 'ignore_ament_install']
[0.927s] Level 1:colcon.colcon_core.package_identification:_identify(/home/ubuntu/ros2_cws/src) by extension 'ignore'
[0.928s] Level 1:colcon.colcon_core.package_identification:_identify(/home/ubuntu/ros2_cws/src) by extension 'ignore_ament_install'
[0.928s] Level 1:colcon.colcon_core.package_identification:_identify(/home/ubuntu/ros2_cws/src) by extensions ['colcon_pkg']
[0.928s] Level 1:colcon.colcon_core.package_identification:_identify(/home/ubuntu/ros2_cws/src) by extension 'colcon_pkg'
[0.928s] Level 1:colcon.colcon_core.package_identification:_identify(/home/ubuntu/ros2_cws/src) by extensions ['colcon_meta']
[0.928s] Level 1:colcon.colcon_core.package_identification:_identify(/home/ubuntu/ros2_cws/src) by extension 'colcon_meta'
[0.928s] Level 1:colcon.colcon_core.package_identification:_identify(/home/ubuntu/ros2_cws/src) by extensions ['ros']
[0.928s] Level 1:colcon.colcon_core.package_identification:_identify(/home/ubuntu/ros2_cws/src) by extension 'ros'
[0.928s] Level 1:colcon.colcon_core.package_identification:_identify(/home/ubuntu/ros2_cws/src) by extensions ['cmake', 'python']
[0.928s] Level 1:colcon.colcon_core.package_identification:_identify(/home/ubuntu/ros2_cws/src) by extension 'cmake'
[0.928s] Level 1:colcon.colcon_core.package_identification:_identify(/home/ubuntu/ros2_cws/src) by extension 'python'
[0.928s] Level 1:colcon.colcon_core.package_identification:_identify(/home/ubuntu/ros2_cws/src) by extensions ['python_setup_py']
[0.928s] Level 1:colcon.colcon_core.package_identification:_identify(/home/ubuntu/ros2_cws/src) by extension 'python_setup_py'
[0.928s] Level 1:colcon.colcon_core.package_identification:_identify(/home/ubuntu/ros2_cws/src/my_cpp_pkg) by extensions ['ignore', 'ignore_ament_install']
[0.929s] Level 1:colcon.colcon_core.package_identification:_identify(/home/ubuntu/ros2_cws/src/my_cpp_pkg) by extension 'ignore'
[0.929s] Level 1:colcon.colcon_core.package_identification:_identify(/home/ubuntu/ros2_cws/src/my_cpp_pkg) by extension 'ignore_ament_install'
[0.929s] Level 1:colcon.colcon_core.package_identification:_identify(/home/ubuntu/ros2_cws/src/my_cpp_pkg) by extensions ['colcon_pkg']
[0.929s] Level 1:colcon.colcon_core.package_identification:_identify(/home/ubuntu/ros2_cws/src/my_cpp_pkg) by extension 'colcon_pkg'
[0.929s] Level 1:colcon.colcon_core.package_identification:_identify(/home/ubuntu/ros2_cws/src/my_cpp_pkg) by extensions ['colcon_meta']
[0.929s] Level 1:colcon.colcon_core.package_identification:_identify(/home/ubuntu/ros2_cws/src/my_cpp_pkg) by extension 'colcon_meta'
[0.929s] Level 1:colcon.colcon_core.package_identification:_identify(/home/ubuntu/ros2_cws/src/my_cpp_pkg) by extensions ['ros']
[0.929s] Level 1:colcon.colcon_core.package_identification:_identify(/home/ubuntu/ros2_cws/src/my_cpp_pkg) by extension 'ros'
[0.931s] DEBUG:colcon.colcon_core.package_identification:Package '/home/ubuntu/ros2_cws/src/my_cpp_pkg' with type 'ros.ament_cmake' and name 'my_cpp_pkg'
[0.932s] Level 1:colcon.colcon_core.package_identification:_identify(/home/ubuntu/ros2_cws/src/my_py_pkg) by extensions ['ignore', 'ignore_ament_install']
[0.932s] Level 1:colcon.colcon_core.package_identification:_identify(/home/ubuntu/ros2_cws/src/my_py_pkg) by extension 'ignore'
[0.932s] Level 1:colcon.colcon_core.package_identification:_identify(/home/ubuntu/ros2_cws/src/my_py_pkg) by extension 'ignore_ament_install'
[0.932s] Level 1:colcon.colcon_core.package_identification:_identify(/home/ubuntu/ros2_cws/src/my_py_pkg) by extensions ['colcon_pkg']
[0.932s] Level 1:colcon.colcon_core.package_identification:_identify(/home/ubuntu/ros2_cws/src/my_py_pkg) by extension 'colcon_pkg'
[0.932s] Level 1:colcon.colcon_core.package_identification:_identify(/home/ubuntu/ros2_cws/src/my_py_pkg) by extensions ['colcon_meta']
[0.932s] Level 1:colcon.colcon_core.package_identification:_identify(/home/ubuntu/ros2_cws/src/my_py_pkg) by extension 'colcon_meta'
[0.932s] Level 1:colcon.colcon_core.package_identification:_identify(/home/ubuntu/ros2_cws/src/my_py_pkg) by extensions ['ros']
[0.932s] Level 1:colcon.colcon_core.package_identification:_identify(/home/ubuntu/ros2_cws/src/my_py_pkg) by extension 'ros'
[0.932s] DEBUG:colcon.colcon_core.package_identification:Package '/home/ubuntu/ros2_cws/src/my_py_pkg' with type 'ros.ament_python' and name 'my_py_pkg'
[0.932s] Level 1:colcon.colcon_core.package_identification:_identify(/home/ubuntu/ros2_cws/src/test_py) by extensions ['ignore', 'ignore_ament_install']
[0.932s] Level 1:colcon.colcon_core.package_identification:_identify(/home/ubuntu/ros2_cws/src/test_py) by extension 'ignore'
[0.932s] Level 1:colcon.colcon_core.package_identification:_identify(/home/ubuntu/ros2_cws/src/test_py) by extension 'ignore_ament_install'
[0.932s] Level 1:colcon.colcon_core.package_identification:_identify(/home/ubuntu/ros2_cws/src/test_py) by extensions ['colcon_pkg']
[0.933s] Level 1:colcon.colcon_core.package_identification:_identify(/home/ubuntu/ros2_cws/src/test_py) by extension 'colcon_pkg'
[0.933s] Level 1:colcon.colcon_core.package_identification:_identify(/home/ubuntu/ros2_cws/src/test_py) by extensions ['colcon_meta']
[0.933s] Level 1:colcon.colcon_core.package_identification:_identify(/home/ubuntu/ros2_cws/src/test_py) by extension 'colcon_meta'
[0.933s] Level 1:colcon.colcon_core.package_identification:_identify(/home/ubuntu/ros2_cws/src/test_py) by extensions ['ros']
[0.933s] Level 1:colcon.colcon_core.package_identification:_identify(/home/ubuntu/ros2_cws/src/test_py) by extension 'ros'
[0.933s] DEBUG:colcon.colcon_core.package_identification:Package '/home/ubuntu/ros2_cws/src/test_py' with type 'ros.ament_python' and name 'test_py'
[0.933s] Level 1:colcon.colcon_core.package_discovery:discover_packages(recursive) using defaults
