[0.447s] Invoking command in '/home/ubuntu/ros2_ws/src/my_py_pkg': PYTHONPATH=/home/ubuntu/ros2_ws/build/my_py_pkg/prefix_override:/home/ubuntu/ros2_ws/install/my_py_pkg/lib/python3.10/site-packages:${PYTHONPATH} /usr/bin/python3 setup.py egg_info --egg-base ../../build/my_py_pkg build --build-base /home/ubuntu/ros2_ws/build/my_py_pkg/build install --record /home/ubuntu/ros2_ws/build/my_py_pkg/install.log --single-version-externally-managed
[0.582s] running egg_info
[0.582s] creating ../../build/my_py_pkg/my_py_pkg.egg-info
[0.582s] writing ../../build/my_py_pkg/my_py_pkg.egg-info/PKG-INFO
[0.583s] writing dependency_links to ../../build/my_py_pkg/my_py_pkg.egg-info/dependency_links.txt
[0.583s] writing entry points to ../../build/my_py_pkg/my_py_pkg.egg-info/entry_points.txt
[0.583s] writing requirements to ../../build/my_py_pkg/my_py_pkg.egg-info/requires.txt
[0.583s] writing top-level names to ../../build/my_py_pkg/my_py_pkg.egg-info/top_level.txt
[0.583s] writing manifest file '../../build/my_py_pkg/my_py_pkg.egg-info/SOURCES.txt'
[0.584s] reading manifest file '../../build/my_py_pkg/my_py_pkg.egg-info/SOURCES.txt'
[0.584s] writing manifest file '../../build/my_py_pkg/my_py_pkg.egg-info/SOURCES.txt'
[0.584s] running build
[0.584s] running build_py
[0.584s] creating /home/ubuntu/ros2_ws/build/my_py_pkg/build
[0.584s] creating /home/ubuntu/ros2_ws/build/my_py_pkg/build/lib
[0.584s] creating /home/ubuntu/ros2_ws/build/my_py_pkg/build/lib/my_py_pkg
[0.584s] copying my_py_pkg/__init__.py -> /home/ubuntu/ros2_ws/build/my_py_pkg/build/lib/my_py_pkg
[0.584s] running install
[0.588s] /usr/lib/python3/dist-packages/setuptools/command/install.py:34: SetuptoolsDeprecationWarning: setup.py install is deprecated. Use build and pip and other standards-based tools.
[0.588s]   warnings.warn(
[0.588s] running install_lib
[0.589s] creating /home/ubuntu/ros2_ws/install/my_py_pkg/lib/python3.10/site-packages/my_py_pkg
[0.589s] copying /home/ubuntu/ros2_ws/build/my_py_pkg/build/lib/my_py_pkg/__init__.py -> /home/ubuntu/ros2_ws/install/my_py_pkg/lib/python3.10/site-packages/my_py_pkg
[0.589s] byte-compiling /home/ubuntu/ros2_ws/install/my_py_pkg/lib/python3.10/site-packages/my_py_pkg/__init__.py to __init__.cpython-310.pyc
[0.589s] running install_data
[0.589s] creating /home/ubuntu/ros2_ws/install/my_py_pkg/share/ament_index
[0.589s] creating /home/ubuntu/ros2_ws/install/my_py_pkg/share/ament_index/resource_index
[0.589s] creating /home/ubuntu/ros2_ws/install/my_py_pkg/share/ament_index/resource_index/packages
[0.589s] copying resource/my_py_pkg -> /home/ubuntu/ros2_ws/install/my_py_pkg/share/ament_index/resource_index/packages
[0.589s] copying package.xml -> /home/ubuntu/ros2_ws/install/my_py_pkg/share/my_py_pkg
[0.589s] running install_egg_info
[0.590s] Copying ../../build/my_py_pkg/my_py_pkg.egg-info to /home/ubuntu/ros2_ws/install/my_py_pkg/lib/python3.10/site-packages/my_py_pkg-0.0.0-py3.10.egg-info
[0.590s] running install_scripts
[0.603s] writing list of installed files to '/home/ubuntu/ros2_ws/build/my_py_pkg/install.log'
[0.617s] Invoked command in '/home/ubuntu/ros2_ws/src/my_py_pkg' returned '0': PYTHONPATH=/home/ubuntu/ros2_ws/build/my_py_pkg/prefix_override:/home/ubuntu/ros2_ws/install/my_py_pkg/lib/python3.10/site-packages:${PYTHONPATH} /usr/bin/python3 setup.py egg_info --egg-base ../../build/my_py_pkg build --build-base /home/ubuntu/ros2_ws/build/my_py_pkg/build install --record /home/ubuntu/ros2_ws/build/my_py_pkg/install.log --single-version-externally-managed
