[0.603s] Invoking command in '/home/ubuntu/ros2_cws/src/my_py_pkg': PYTHONPATH=/home/ubuntu/ros2_cws/build/my_py_pkg/prefix_override:/home/ubuntu/ros2_cws/install/my_py_pkg/lib/python3.10/site-packages:${PYTHONPATH} /usr/bin/python3 setup.py egg_info --egg-base ../../build/my_py_pkg build --build-base /home/ubuntu/ros2_cws/build/my_py_pkg/build install --record /home/ubuntu/ros2_cws/build/my_py_pkg/install.log --single-version-externally-managed
[0.746s] running egg_info
[0.746s] writing ../../build/my_py_pkg/my_py_pkg.egg-info/PKG-INFO
[0.749s] writing dependency_links to ../../build/my_py_pkg/my_py_pkg.egg-info/dependency_links.txt
[0.749s] writing entry points to ../../build/my_py_pkg/my_py_pkg.egg-info/entry_points.txt
[0.750s] writing requirements to ../../build/my_py_pkg/my_py_pkg.egg-info/requires.txt
[0.750s] writing top-level names to ../../build/my_py_pkg/my_py_pkg.egg-info/top_level.txt
[0.750s] reading manifest file '../../build/my_py_pkg/my_py_pkg.egg-info/SOURCES.txt'
[0.752s] writing manifest file '../../build/my_py_pkg/my_py_pkg.egg-info/SOURCES.txt'
[0.752s] running build
[0.752s] running build_py
[0.754s] running install
[0.754s] running install_lib
[0.756s] running install_data
[0.756s] running install_egg_info
[0.757s] removing '/home/ubuntu/ros2_cws/install/my_py_pkg/lib/python3.10/site-packages/my_py_pkg-0.0.0-py3.10.egg-info' (and everything under it)
[0.757s] Copying ../../build/my_py_pkg/my_py_pkg.egg-info to /home/ubuntu/ros2_cws/install/my_py_pkg/lib/python3.10/site-packages/my_py_pkg-0.0.0-py3.10.egg-info
[0.758s] running install_scripts
[0.770s] Installing add_two_ints_server script to /home/ubuntu/ros2_cws/install/my_py_pkg/lib/my_py_pkg
[0.775s] Installing py_node script to /home/ubuntu/ros2_cws/install/my_py_pkg/lib/my_py_pkg
[0.775s] Installing py_node_opp script to /home/ubuntu/ros2_cws/install/my_py_pkg/lib/my_py_pkg
[0.775s] Installing py_publisher script to /home/ubuntu/ros2_cws/install/my_py_pkg/lib/my_py_pkg
[0.775s] Installing py_subscriber script to /home/ubuntu/ros2_cws/install/my_py_pkg/lib/my_py_pkg
[0.775s] writing list of installed files to '/home/ubuntu/ros2_cws/build/my_py_pkg/install.log'
[0.789s] Invoked command in '/home/ubuntu/ros2_cws/src/my_py_pkg' returned '0': PYTHONPATH=/home/ubuntu/ros2_cws/build/my_py_pkg/prefix_override:/home/ubuntu/ros2_cws/install/my_py_pkg/lib/python3.10/site-packages:${PYTHONPATH} /usr/bin/python3 setup.py egg_info --egg-base ../../build/my_py_pkg build --build-base /home/ubuntu/ros2_cws/build/my_py_pkg/build install --record /home/ubuntu/ros2_cws/build/my_py_pkg/install.log --single-version-externally-managed
