[0.510s] DEBUG:colcon:Command line arguments: ['/usr/bin/colcon', 'build']
[0.510s] DEBUG:colcon:Parsed command line arguments: Namespace(log_base=None, log_level=None, verb_name='build', build_base='build', install_base='install', merge_install=False, symlink_install=False, test_result_base=None, continue_on_error=False, executor='parallel', parallel_workers=12, event_handlers=None, ignore_user_meta=False, metas=['./colcon.meta'], base_paths=['.'], packages_ignore=None, packages_ignore_regex=None, paths=None, packages_up_to=None, packages_up_to_regex=None, packages_above=None, packages_above_and_dependencies=None, packages_above_depth=None, packages_select_by_dep=None, packages_skip_by_dep=None, packages_skip_up_to=None, packages_select_build_failed=False, packages_skip_build_finished=False, packages_select_test_failures=False, packages_skip_test_passed=False, packages_select=None, packages_skip=None, packages_select_regex=None, packages_skip_regex=None, packages_start=None, packages_end=None, allow_overriding=[], cmake_args=None, cmake_target=None, cmake_target_skip_unavailable=False, cmake_clean_cache=False, cmake_clean_first=False, cmake_force_configure=False, ament_cmake_args=None, catkin_cmake_args=None, catkin_skip_building_tests=False, verb_parser=<colcon_defaults.argument_parser.defaults.DefaultArgumentsDecorator object at 0x7f90ac63a890>, verb_extension=<colcon_core.verb.build.BuildVerb object at 0x7f90ac63b070>, main=<bound method BuildVerb.main of <colcon_core.verb.build.BuildVerb object at 0x7f90ac63b070>>)
[0.566s] Level 1:colcon.colcon_core.package_discovery:discover_packages(colcon_meta) check parameters
[0.566s] Level 1:colcon.colcon_core.package_discovery:discover_packages(recursive) check parameters
[0.566s] Level 1:colcon.colcon_core.package_discovery:discover_packages(ignore) check parameters
[0.566s] Level 1:colcon.colcon_core.package_discovery:discover_packages(path) check parameters
[0.566s] Level 1:colcon.colcon_core.package_discovery:discover_packages(colcon_meta) discover
[0.566s] Level 1:colcon.colcon_core.package_discovery:discover_packages(recursive) discover
[0.566s] INFO:colcon.colcon_core.package_discovery:Crawling recursively for packages in '/home/ubuntu/ros2_cws'
[0.566s] Level 1:colcon.colcon_core.package_identification:_identify(.) by extensions ['ignore', 'ignore_ament_install']
[0.566s] Level 1:colcon.colcon_core.package_identification:_identify(.) by extension 'ignore'
[0.566s] Level 1:colcon.colcon_core.package_identification:_identify(.) by extension 'ignore_ament_install'
[0.566s] Level 1:colcon.colcon_core.package_identification:_identify(.) by extensions ['colcon_pkg']
[0.566s] Level 1:colcon.colcon_core.package_identification:_identify(.) by extension 'colcon_pkg'
[0.566s] Level 1:colcon.colcon_core.package_identification:_identify(.) by extensions ['colcon_meta']
[0.566s] Level 1:colcon.colcon_core.package_identification:_identify(.) by extension 'colcon_meta'
[0.566s] Level 1:colcon.colcon_core.package_identification:_identify(.) by extensions ['ros']
[0.566s] Level 1:colcon.colcon_core.package_identification:_identify(.) by extension 'ros'
[0.573s] Level 1:colcon.colcon_core.package_identification:_identify(.) by extensions ['cmake', 'python']
[0.573s] Level 1:colcon.colcon_core.package_identification:_identify(.) by extension 'cmake'
[0.573s] Level 1:colcon.colcon_core.package_identification:_identify(.) by extension 'python'
[0.573s] Level 1:colcon.colcon_core.package_identification:_identify(.) by extensions ['python_setup_py']
[0.573s] Level 1:colcon.colcon_core.package_identification:_identify(.) by extension 'python_setup_py'
[0.573s] Level 1:colcon.colcon_core.package_identification:_identify(build) by extensions ['ignore', 'ignore_ament_install']
[0.573s] Level 1:colcon.colcon_core.package_identification:_identify(build) by extension 'ignore'
[0.573s] Level 1:colcon.colcon_core.package_identification:_identify(build) ignored
[0.573s] Level 1:colcon.colcon_core.package_identification:_identify(install) by extensions ['ignore', 'ignore_ament_install']
[0.573s] Level 1:colcon.colcon_core.package_identification:_identify(install) by extension 'ignore'
[0.573s] Level 1:colcon.colcon_core.package_identification:_identify(install) ignored
[0.573s] Level 1:colcon.colcon_core.package_identification:_identify(log) by extensions ['ignore', 'ignore_ament_install']
[0.573s] Level 1:colcon.colcon_core.package_identification:_identify(log) by extension 'ignore'
[0.573s] Level 1:colcon.colcon_core.package_identification:_identify(log) ignored
[0.573s] Level 1:colcon.colcon_core.package_identification:_identify(src) by extensions ['ignore', 'ignore_ament_install']
[0.573s] Level 1:colcon.colcon_core.package_identification:_identify(src) by extension 'ignore'
[0.573s] Level 1:colcon.colcon_core.package_identification:_identify(src) by extension 'ignore_ament_install'
[0.573s] Level 1:colcon.colcon_core.package_identification:_identify(src) by extensions ['colcon_pkg']
[0.573s] Level 1:colcon.colcon_core.package_identification:_identify(src) by extension 'colcon_pkg'
[0.573s] Level 1:colcon.colcon_core.package_identification:_identify(src) by extensions ['colcon_meta']
[0.574s] Level 1:colcon.colcon_core.package_identification:_identify(src) by extension 'colcon_meta'
[0.574s] Level 1:colcon.colcon_core.package_identification:_identify(src) by extensions ['ros']
[0.574s] Level 1:colcon.colcon_core.package_identification:_identify(src) by extension 'ros'
[0.574s] Level 1:colcon.colcon_core.package_identification:_identify(src) by extensions ['cmake', 'python']
[0.574s] Level 1:colcon.colcon_core.package_identification:_identify(src) by extension 'cmake'
[0.574s] Level 1:colcon.colcon_core.package_identification:_identify(src) by extension 'python'
[0.574s] Level 1:colcon.colcon_core.package_identification:_identify(src) by extensions ['python_setup_py']
[0.574s] Level 1:colcon.colcon_core.package_identification:_identify(src) by extension 'python_setup_py'
[0.574s] Level 1:colcon.colcon_core.package_identification:_identify(src/my_cpp_pkg) by extensions ['ignore', 'ignore_ament_install']
[0.574s] Level 1:colcon.colcon_core.package_identification:_identify(src/my_cpp_pkg) by extension 'ignore'
[0.574s] Level 1:colcon.colcon_core.package_identification:_identify(src/my_cpp_pkg) by extension 'ignore_ament_install'
[0.574s] Level 1:colcon.colcon_core.package_identification:_identify(src/my_cpp_pkg) by extensions ['colcon_pkg']
[0.574s] Level 1:colcon.colcon_core.package_identification:_identify(src/my_cpp_pkg) by extension 'colcon_pkg'
[0.574s] Level 1:colcon.colcon_core.package_identification:_identify(src/my_cpp_pkg) by extensions ['colcon_meta']
[0.574s] Level 1:colcon.colcon_core.package_identification:_identify(src/my_cpp_pkg) by extension 'colcon_meta'
[0.574s] Level 1:colcon.colcon_core.package_identification:_identify(src/my_cpp_pkg) by extensions ['ros']
[0.574s] Level 1:colcon.colcon_core.package_identification:_identify(src/my_cpp_pkg) by extension 'ros'
[0.575s] DEBUG:colcon.colcon_core.package_identification:Package 'src/my_cpp_pkg' with type 'ros.ament_cmake' and name 'my_cpp_pkg'
[0.575s] Level 1:colcon.colcon_core.package_identification:_identify(src/my_py_pkg) by extensions ['ignore', 'ignore_ament_install']
[0.575s] Level 1:colcon.colcon_core.package_identification:_identify(src/my_py_pkg) by extension 'ignore'
[0.576s] Level 1:colcon.colcon_core.package_identification:_identify(src/my_py_pkg) by extension 'ignore_ament_install'
[0.576s] Level 1:colcon.colcon_core.package_identification:_identify(src/my_py_pkg) by extensions ['colcon_pkg']
[0.576s] Level 1:colcon.colcon_core.package_identification:_identify(src/my_py_pkg) by extension 'colcon_pkg'
[0.576s] Level 1:colcon.colcon_core.package_identification:_identify(src/my_py_pkg) by extensions ['colcon_meta']
[0.576s] Level 1:colcon.colcon_core.package_identification:_identify(src/my_py_pkg) by extension 'colcon_meta'
[0.576s] Level 1:colcon.colcon_core.package_identification:_identify(src/my_py_pkg) by extensions ['ros']
[0.576s] Level 1:colcon.colcon_core.package_identification:_identify(src/my_py_pkg) by extension 'ros'
[0.576s] DEBUG:colcon.colcon_core.package_identification:Package 'src/my_py_pkg' with type 'ros.ament_python' and name 'my_py_pkg'
[0.576s] Level 1:colcon.colcon_core.package_identification:_identify(src/test_py) by extensions ['ignore', 'ignore_ament_install']
[0.576s] Level 1:colcon.colcon_core.package_identification:_identify(src/test_py) by extension 'ignore'
[0.576s] Level 1:colcon.colcon_core.package_identification:_identify(src/test_py) by extension 'ignore_ament_install'
[0.576s] Level 1:colcon.colcon_core.package_identification:_identify(src/test_py) by extensions ['colcon_pkg']
[0.576s] Level 1:colcon.colcon_core.package_identification:_identify(src/test_py) by extension 'colcon_pkg'
[0.576s] Level 1:colcon.colcon_core.package_identification:_identify(src/test_py) by extensions ['colcon_meta']
[0.576s] Level 1:colcon.colcon_core.package_identification:_identify(src/test_py) by extension 'colcon_meta'
[0.576s] Level 1:colcon.colcon_core.package_identification:_identify(src/test_py) by extensions ['ros']
[0.576s] Level 1:colcon.colcon_core.package_identification:_identify(src/test_py) by extension 'ros'
[0.576s] DEBUG:colcon.colcon_core.package_identification:Package 'src/test_py' with type 'ros.ament_python' and name 'test_py'
[0.576s] Level 1:colcon.colcon_core.package_discovery:discover_packages(recursive) using defaults
[0.577s] Level 1:colcon.colcon_core.package_discovery:discover_packages(ignore) discover
[0.577s] Level 1:colcon.colcon_core.package_discovery:discover_packages(ignore) using defaults
[0.577s] Level 1:colcon.colcon_core.package_discovery:discover_packages(path) discover
[0.577s] Level 1:colcon.colcon_core.package_discovery:discover_packages(path) using defaults
[0.623s] Level 1:colcon.colcon_core.package_discovery:discover_packages(prefix_path) check parameters
[0.623s] Level 1:colcon.colcon_core.package_discovery:discover_packages(prefix_path) discover
[0.637s] DEBUG:colcon.colcon_installed_package_information.package_discovery:Found 0 installed packages in /home/ubuntu/JK/ASU_Classes/MAE547/Project_ws/install
[0.644s] DEBUG:colcon.colcon_installed_package_information.package_discovery:Found 1 installed packages in /home/ubuntu/ros2_cws/install
[0.657s] DEBUG:colcon.colcon_installed_package_information.package_discovery:Found 270 installed packages in /opt/ros/humble
[0.658s] Level 1:colcon.colcon_core.package_discovery:discover_packages(prefix_path) using defaults
[0.705s] Level 5:colcon.colcon_core.verb:set package 'my_cpp_pkg' build argument 'cmake_args' from command line to 'None'
[0.705s] Level 5:colcon.colcon_core.verb:set package 'my_cpp_pkg' build argument 'cmake_target' from command line to 'None'
[0.705s] Level 5:colcon.colcon_core.verb:set package 'my_cpp_pkg' build argument 'cmake_target_skip_unavailable' from command line to 'False'
[0.705s] Level 5:colcon.colcon_core.verb:set package 'my_cpp_pkg' build argument 'cmake_clean_cache' from command line to 'False'
[0.705s] Level 5:colcon.colcon_core.verb:set package 'my_cpp_pkg' build argument 'cmake_clean_first' from command line to 'False'
[0.705s] Level 5:colcon.colcon_core.verb:set package 'my_cpp_pkg' build argument 'cmake_force_configure' from command line to 'False'
[0.705s] Level 5:colcon.colcon_core.verb:set package 'my_cpp_pkg' build argument 'ament_cmake_args' from command line to 'None'
[0.705s] Level 5:colcon.colcon_core.verb:set package 'my_cpp_pkg' build argument 'catkin_cmake_args' from command line to 'None'
[0.705s] Level 5:colcon.colcon_core.verb:set package 'my_cpp_pkg' build argument 'catkin_skip_building_tests' from command line to 'False'
[0.705s] DEBUG:colcon.colcon_core.verb:Building package 'my_cpp_pkg' with the following arguments: {'ament_cmake_args': None, 'build_base': '/home/ubuntu/ros2_cws/build/my_cpp_pkg', 'catkin_cmake_args': None, 'catkin_skip_building_tests': False, 'cmake_args': None, 'cmake_clean_cache': False, 'cmake_clean_first': False, 'cmake_force_configure': False, 'cmake_target': None, 'cmake_target_skip_unavailable': False, 'install_base': '/home/ubuntu/ros2_cws/install/my_cpp_pkg', 'merge_install': False, 'path': '/home/ubuntu/ros2_cws/src/my_cpp_pkg', 'symlink_install': False, 'test_result_base': None}
[0.712s] Level 5:colcon.colcon_core.verb:set package 'my_py_pkg' build argument 'cmake_args' from command line to 'None'
[0.712s] Level 5:colcon.colcon_core.verb:set package 'my_py_pkg' build argument 'cmake_target' from command line to 'None'
[0.712s] Level 5:colcon.colcon_core.verb:set package 'my_py_pkg' build argument 'cmake_target_skip_unavailable' from command line to 'False'
[0.712s] Level 5:colcon.colcon_core.verb:set package 'my_py_pkg' build argument 'cmake_clean_cache' from command line to 'False'
[0.712s] Level 5:colcon.colcon_core.verb:set package 'my_py_pkg' build argument 'cmake_clean_first' from command line to 'False'
[0.712s] Level 5:colcon.colcon_core.verb:set package 'my_py_pkg' build argument 'cmake_force_configure' from command line to 'False'
[0.712s] Level 5:colcon.colcon_core.verb:set package 'my_py_pkg' build argument 'ament_cmake_args' from command line to 'None'
[0.712s] Level 5:colcon.colcon_core.verb:set package 'my_py_pkg' build argument 'catkin_cmake_args' from command line to 'None'
[0.712s] Level 5:colcon.colcon_core.verb:set package 'my_py_pkg' build argument 'catkin_skip_building_tests' from command line to 'False'
[0.712s] DEBUG:colcon.colcon_core.verb:Building package 'my_py_pkg' with the following arguments: {'ament_cmake_args': None, 'build_base': '/home/ubuntu/ros2_cws/build/my_py_pkg', 'catkin_cmake_args': None, 'catkin_skip_building_tests': False, 'cmake_args': None, 'cmake_clean_cache': False, 'cmake_clean_first': False, 'cmake_force_configure': False, 'cmake_target': None, 'cmake_target_skip_unavailable': False, 'install_base': '/home/ubuntu/ros2_cws/install/my_py_pkg', 'merge_install': False, 'path': '/home/ubuntu/ros2_cws/src/my_py_pkg', 'symlink_install': False, 'test_result_base': None}
[0.719s] Level 5:colcon.colcon_core.verb:set package 'test_py' build argument 'cmake_args' from command line to 'None'
[0.719s] Level 5:colcon.colcon_core.verb:set package 'test_py' build argument 'cmake_target' from command line to 'None'
[0.719s] Level 5:colcon.colcon_core.verb:set package 'test_py' build argument 'cmake_target_skip_unavailable' from command line to 'False'
[0.719s] Level 5:colcon.colcon_core.verb:set package 'test_py' build argument 'cmake_clean_cache' from command line to 'False'
[0.719s] Level 5:colcon.colcon_core.verb:set package 'test_py' build argument 'cmake_clean_first' from command line to 'False'
[0.719s] Level 5:colcon.colcon_core.verb:set package 'test_py' build argument 'cmake_force_configure' from command line to 'False'
[0.719s] Level 5:colcon.colcon_core.verb:set package 'test_py' build argument 'ament_cmake_args' from command line to 'None'
[0.719s] Level 5:colcon.colcon_core.verb:set package 'test_py' build argument 'catkin_cmake_args' from command line to 'None'
[0.719s] Level 5:colcon.colcon_core.verb:set package 'test_py' build argument 'catkin_skip_building_tests' from command line to 'False'
[0.719s] DEBUG:colcon.colcon_core.verb:Building package 'test_py' with the following arguments: {'ament_cmake_args': None, 'build_base': '/home/ubuntu/ros2_cws/build/test_py', 'catkin_cmake_args': None, 'catkin_skip_building_tests': False, 'cmake_args': None, 'cmake_clean_cache': False, 'cmake_clean_first': False, 'cmake_force_configure': False, 'cmake_target': None, 'cmake_target_skip_unavailable': False, 'install_base': '/home/ubuntu/ros2_cws/install/test_py', 'merge_install': False, 'path': '/home/ubuntu/ros2_cws/src/test_py', 'symlink_install': False, 'test_result_base': None}
[0.726s] INFO:colcon.colcon_core.executor:Executing jobs using 'parallel' executor
[0.733s] DEBUG:colcon.colcon_parallel_executor.executor.parallel:run_until_complete
[0.733s] INFO:colcon.colcon_ros.task.ament_cmake.build:Building ROS package in '/home/ubuntu/ros2_cws/src/my_cpp_pkg' with build type 'ament_cmake'
[0.733s] INFO:colcon.colcon_cmake.task.cmake.build:Building CMake package in '/home/ubuntu/ros2_cws/src/my_cpp_pkg'
[0.742s] INFO:colcon.colcon_core.plugin_system:Skipping extension 'colcon_core.shell.bat': Not used on non-Windows systems
[0.742s] INFO:colcon.colcon_core.shell:Skip shell extension 'powershell' for command environment: Not usable outside of PowerShell
[0.742s] DEBUG:colcon.colcon_core.shell:Skip shell extension 'dsv' for command environment
[0.942s] INFO:colcon.colcon_ros.task.ament_python.build:Building ROS package in '/home/ubuntu/ros2_cws/src/my_py_pkg' with build type 'ament_python'
[0.943s] Level 1:colcon.colcon_core.shell:create_environment_hook('my_py_pkg', 'ament_prefix_path')
[0.953s] INFO:colcon.colcon_core.shell:Creating environment hook '/home/ubuntu/ros2_cws/install/my_py_pkg/share/my_py_pkg/hook/ament_prefix_path.ps1'
[1.144s] INFO:colcon.colcon_core.shell:Creating environment descriptor '/home/ubuntu/ros2_cws/install/my_py_pkg/share/my_py_pkg/hook/ament_prefix_path.dsv'
[1.360s] INFO:colcon.colcon_core.shell:Creating environment hook '/home/ubuntu/ros2_cws/install/my_py_pkg/share/my_py_pkg/hook/ament_prefix_path.sh'
[2.734s] INFO:colcon.colcon_core.shell:Skip shell extension 'powershell' for command environment: Not usable outside of PowerShell
[2.734s] DEBUG:colcon.colcon_core.shell:Skip shell extension 'dsv' for command environment
[2.772s] INFO:colcon.colcon_ros.task.ament_python.build:Building ROS package in '/home/ubuntu/ros2_cws/src/test_py' with build type 'ament_python'
[2.772s] Level 1:colcon.colcon_core.shell:create_environment_hook('test_py', 'ament_prefix_path')
[2.790s] INFO:colcon.colcon_core.shell:Creating environment hook '/home/ubuntu/ros2_cws/install/test_py/share/test_py/hook/ament_prefix_path.ps1'
[2.791s] INFO:colcon.colcon_core.shell:Creating environment descriptor '/home/ubuntu/ros2_cws/install/test_py/share/test_py/hook/ament_prefix_path.dsv'
[2.791s] INFO:colcon.colcon_core.shell:Creating environment hook '/home/ubuntu/ros2_cws/install/test_py/share/test_py/hook/ament_prefix_path.sh'
[2.800s] INFO:colcon.colcon_core.shell:Skip shell extension 'powershell' for command environment: Not usable outside of PowerShell
[2.800s] DEBUG:colcon.colcon_core.shell:Skip shell extension 'dsv' for command environment
[2.831s] DEBUG:colcon.colcon_core.event_handler.log_command:Invoking command in '/home/ubuntu/ros2_cws/build/my_cpp_pkg': CMAKE_PREFIX_PATH=/home/ubuntu/ros2_cws/install/my_py_pkg:/opt/ros/humble /usr/bin/cmake /home/ubuntu/ros2_cws/src/my_cpp_pkg -DCMAKE_INSTALL_PREFIX=/home/ubuntu/ros2_cws/install/my_cpp_pkg
[3.093s] INFO:colcon.colcon_core.task.python.build:Building Python package in '/home/ubuntu/ros2_cws/src/my_py_pkg'
[3.104s] INFO:colcon.colcon_core.shell:Skip shell extension 'powershell' for command environment: Not usable outside of PowerShell
[3.104s] DEBUG:colcon.colcon_core.shell:Skip shell extension 'dsv' for command environment
[3.344s] INFO:colcon.colcon_core.task.python.build:Building Python package in '/home/ubuntu/ros2_cws/src/test_py'
[3.354s] INFO:colcon.colcon_core.shell:Skip shell extension 'powershell' for command environment: Not usable outside of PowerShell
[3.354s] DEBUG:colcon.colcon_core.shell:Skip shell extension 'dsv' for command environment
[17.185s] DEBUG:colcon.colcon_core.event_handler.log_command:Invoking command in '/home/ubuntu/ros2_cws/src/my_py_pkg': PYTHONPATH=/home/ubuntu/ros2_cws/build/my_py_pkg/prefix_override:/home/ubuntu/ros2_cws/install/my_py_pkg/lib/python3.10/site-packages:${PYTHONPATH} /usr/bin/python3 setup.py egg_info --egg-base ../../build/my_py_pkg build --build-base /home/ubuntu/ros2_cws/build/my_py_pkg/build install --record /home/ubuntu/ros2_cws/build/my_py_pkg/install.log --single-version-externally-managed
[17.186s] DEBUG:colcon.colcon_core.event_handler.log_command:Invoking command in '/home/ubuntu/ros2_cws/src/test_py': PYTHONPATH=/home/ubuntu/ros2_cws/build/test_py/prefix_override:/home/ubuntu/ros2_cws/install/test_py/lib/python3.10/site-packages:${PYTHONPATH} /usr/bin/python3 setup.py egg_info --egg-base ../../build/test_py build --build-base /home/ubuntu/ros2_cws/build/test_py/build install --record /home/ubuntu/ros2_cws/build/test_py/install.log --single-version-externally-managed
[17.444s] DEBUG:colcon.colcon_core.event_handler.log_command:Invoked command in '/home/ubuntu/ros2_cws/src/test_py' returned '0': PYTHONPATH=/home/ubuntu/ros2_cws/build/test_py/prefix_override:/home/ubuntu/ros2_cws/install/test_py/lib/python3.10/site-packages:${PYTHONPATH} /usr/bin/python3 setup.py egg_info --egg-base ../../build/test_py build --build-base /home/ubuntu/ros2_cws/build/test_py/build install --record /home/ubuntu/ros2_cws/build/test_py/install.log --single-version-externally-managed
[17.525s] Level 1:colcon.colcon_core.environment:checking '/home/ubuntu/ros2_cws/install/test_py' for CMake module files
[17.525s] Level 1:colcon.colcon_core.environment:checking '/home/ubuntu/ros2_cws/install/test_py' for CMake config files
[17.527s] Level 1:colcon.colcon_core.environment:checking '/home/ubuntu/ros2_cws/install/test_py/lib'
[17.527s] Level 1:colcon.colcon_core.environment:checking '/home/ubuntu/ros2_cws/install/test_py/bin'
[17.527s] Level 1:colcon.colcon_core.environment:checking '/home/ubuntu/ros2_cws/install/test_py/lib/pkgconfig/test_py.pc'
[17.527s] Level 1:colcon.colcon_core.environment:checking '/home/ubuntu/ros2_cws/install/test_py/lib/python3.10/site-packages'
[17.527s] Level 1:colcon.colcon_core.shell:create_environment_hook('test_py', 'pythonpath')
[17.540s] INFO:colcon.colcon_core.shell:Creating environment hook '/home/ubuntu/ros2_cws/install/test_py/share/test_py/hook/pythonpath.ps1'
[17.540s] INFO:colcon.colcon_core.shell:Creating environment descriptor '/home/ubuntu/ros2_cws/install/test_py/share/test_py/hook/pythonpath.dsv'
[17.540s] INFO:colcon.colcon_core.shell:Creating environment hook '/home/ubuntu/ros2_cws/install/test_py/share/test_py/hook/pythonpath.sh'
[17.541s] Level 1:colcon.colcon_core.environment:checking '/home/ubuntu/ros2_cws/install/test_py/bin'
[17.541s] Level 1:colcon.colcon_core.environment:create_environment_scripts_only(test_py)
[17.548s] INFO:colcon.colcon_core.shell:Creating package script '/home/ubuntu/ros2_cws/install/test_py/share/test_py/package.ps1'
[17.555s] INFO:colcon.colcon_core.shell:Creating package descriptor '/home/ubuntu/ros2_cws/install/test_py/share/test_py/package.dsv'
[17.560s] INFO:colcon.colcon_core.shell:Creating package script '/home/ubuntu/ros2_cws/install/test_py/share/test_py/package.sh'
[17.562s] INFO:colcon.colcon_core.shell:Creating package script '/home/ubuntu/ros2_cws/install/test_py/share/test_py/package.bash'
[17.565s] INFO:colcon.colcon_core.shell:Creating package script '/home/ubuntu/ros2_cws/install/test_py/share/test_py/package.zsh'
[17.567s] Level 1:colcon.colcon_core.environment:create_file_with_runtime_dependencies(/home/ubuntu/ros2_cws/install/test_py/share/colcon-core/packages/test_py)
[17.569s] DEBUG:colcon.colcon_core.event_handler.log_command:Invoked command in '/home/ubuntu/ros2_cws/src/my_py_pkg' returned '0': PYTHONPATH=/home/ubuntu/ros2_cws/build/my_py_pkg/prefix_override:/home/ubuntu/ros2_cws/install/my_py_pkg/lib/python3.10/site-packages:${PYTHONPATH} /usr/bin/python3 setup.py egg_info --egg-base ../../build/my_py_pkg build --build-base /home/ubuntu/ros2_cws/build/my_py_pkg/build install --record /home/ubuntu/ros2_cws/build/my_py_pkg/install.log --single-version-externally-managed
[17.577s] Level 1:colcon.colcon_core.environment:checking '/home/ubuntu/ros2_cws/install/my_py_pkg' for CMake module files
[17.577s] Level 1:colcon.colcon_core.environment:checking '/home/ubuntu/ros2_cws/install/my_py_pkg' for CMake config files
[17.578s] Level 1:colcon.colcon_core.environment:checking '/home/ubuntu/ros2_cws/install/my_py_pkg/lib'
[17.578s] Level 1:colcon.colcon_core.environment:checking '/home/ubuntu/ros2_cws/install/my_py_pkg/bin'
[17.578s] Level 1:colcon.colcon_core.environment:checking '/home/ubuntu/ros2_cws/install/my_py_pkg/lib/pkgconfig/my_py_pkg.pc'
[17.578s] Level 1:colcon.colcon_core.environment:checking '/home/ubuntu/ros2_cws/install/my_py_pkg/lib/python3.10/site-packages'
[17.578s] Level 1:colcon.colcon_core.shell:create_environment_hook('my_py_pkg', 'pythonpath')
[17.593s] INFO:colcon.colcon_core.shell:Creating environment hook '/home/ubuntu/ros2_cws/install/my_py_pkg/share/my_py_pkg/hook/pythonpath.ps1'
[17.593s] INFO:colcon.colcon_core.shell:Creating environment descriptor '/home/ubuntu/ros2_cws/install/my_py_pkg/share/my_py_pkg/hook/pythonpath.dsv'
[17.593s] INFO:colcon.colcon_core.shell:Creating environment hook '/home/ubuntu/ros2_cws/install/my_py_pkg/share/my_py_pkg/hook/pythonpath.sh'
[17.594s] Level 1:colcon.colcon_core.environment:checking '/home/ubuntu/ros2_cws/install/my_py_pkg/bin'
[17.594s] Level 1:colcon.colcon_core.environment:create_environment_scripts_only(my_py_pkg)
[17.605s] INFO:colcon.colcon_core.shell:Creating package script '/home/ubuntu/ros2_cws/install/my_py_pkg/share/my_py_pkg/package.ps1'
[17.606s] INFO:colcon.colcon_core.shell:Creating package descriptor '/home/ubuntu/ros2_cws/install/my_py_pkg/share/my_py_pkg/package.dsv'
[17.606s] INFO:colcon.colcon_core.shell:Creating package script '/home/ubuntu/ros2_cws/install/my_py_pkg/share/my_py_pkg/package.sh'
[17.606s] INFO:colcon.colcon_core.shell:Creating package script '/home/ubuntu/ros2_cws/install/my_py_pkg/share/my_py_pkg/package.bash'
[17.606s] INFO:colcon.colcon_core.shell:Creating package script '/home/ubuntu/ros2_cws/install/my_py_pkg/share/my_py_pkg/package.zsh'
[17.606s] Level 1:colcon.colcon_core.environment:create_file_with_runtime_dependencies(/home/ubuntu/ros2_cws/install/my_py_pkg/share/colcon-core/packages/my_py_pkg)
[19.568s] DEBUG:colcon.colcon_core.event_handler.log_command:Invoked command in '/home/ubuntu/ros2_cws/build/my_cpp_pkg' returned '0': CMAKE_PREFIX_PATH=/home/ubuntu/ros2_cws/install/my_py_pkg:/opt/ros/humble /usr/bin/cmake /home/ubuntu/ros2_cws/src/my_cpp_pkg -DCMAKE_INSTALL_PREFIX=/home/ubuntu/ros2_cws/install/my_cpp_pkg
[19.569s] DEBUG:colcon.colcon_core.event_handler.log_command:Invoking command in '/home/ubuntu/ros2_cws/build/my_cpp_pkg': CMAKE_PREFIX_PATH=/home/ubuntu/ros2_cws/install/my_py_pkg:/opt/ros/humble /usr/bin/cmake --build /home/ubuntu/ros2_cws/build/my_cpp_pkg -- -j12 -l12
[19.591s] DEBUG:colcon.colcon_core.event_handler.log_command:Invoked command in '/home/ubuntu/ros2_cws/build/my_cpp_pkg' returned '0': CMAKE_PREFIX_PATH=/home/ubuntu/ros2_cws/install/my_py_pkg:/opt/ros/humble /usr/bin/cmake --build /home/ubuntu/ros2_cws/build/my_cpp_pkg -- -j12 -l12
[19.612s] DEBUG:colcon.colcon_core.event_handler.log_command:Invoking command in '/home/ubuntu/ros2_cws/build/my_cpp_pkg': CMAKE_PREFIX_PATH=/home/ubuntu/ros2_cws/install/my_py_pkg:/opt/ros/humble /usr/bin/cmake --install /home/ubuntu/ros2_cws/build/my_cpp_pkg
[19.619s] Level 1:colcon.colcon_core.environment:create_environment_scripts_only(my_cpp_pkg)
[19.620s] DEBUG:colcon.colcon_core.event_handler.log_command:Invoked command in '/home/ubuntu/ros2_cws/build/my_cpp_pkg' returned '0': CMAKE_PREFIX_PATH=/home/ubuntu/ros2_cws/install/my_py_pkg:/opt/ros/humble /usr/bin/cmake --install /home/ubuntu/ros2_cws/build/my_cpp_pkg
[19.628s] Level 1:colcon.colcon_core.environment:checking '/home/ubuntu/ros2_cws/install/my_cpp_pkg' for CMake module files
[19.629s] Level 1:colcon.colcon_core.environment:checking '/home/ubuntu/ros2_cws/install/my_cpp_pkg' for CMake config files
[19.629s] Level 1:colcon.colcon_core.shell:create_environment_hook('my_cpp_pkg', 'cmake_prefix_path')
[19.636s] INFO:colcon.colcon_core.shell:Creating environment hook '/home/ubuntu/ros2_cws/install/my_cpp_pkg/share/my_cpp_pkg/hook/cmake_prefix_path.ps1'
[19.636s] INFO:colcon.colcon_core.shell:Creating environment descriptor '/home/ubuntu/ros2_cws/install/my_cpp_pkg/share/my_cpp_pkg/hook/cmake_prefix_path.dsv'
[19.636s] INFO:colcon.colcon_core.shell:Creating environment hook '/home/ubuntu/ros2_cws/install/my_cpp_pkg/share/my_cpp_pkg/hook/cmake_prefix_path.sh'
[19.637s] Level 1:colcon.colcon_core.environment:checking '/home/ubuntu/ros2_cws/install/my_cpp_pkg/bin'
[19.637s] Level 1:colcon.colcon_core.environment:checking '/home/ubuntu/ros2_cws/install/my_cpp_pkg/lib/pkgconfig/my_cpp_pkg.pc'
[19.637s] Level 1:colcon.colcon_core.environment:checking '/home/ubuntu/ros2_cws/install/my_cpp_pkg/lib/python3.10/site-packages'
[19.637s] Level 1:colcon.colcon_core.environment:checking '/home/ubuntu/ros2_cws/install/my_cpp_pkg/bin'
[19.645s] INFO:colcon.colcon_core.shell:Creating package script '/home/ubuntu/ros2_cws/install/my_cpp_pkg/share/my_cpp_pkg/package.ps1'
[19.645s] INFO:colcon.colcon_core.shell:Creating package descriptor '/home/ubuntu/ros2_cws/install/my_cpp_pkg/share/my_cpp_pkg/package.dsv'
[19.646s] INFO:colcon.colcon_core.shell:Creating package script '/home/ubuntu/ros2_cws/install/my_cpp_pkg/share/my_cpp_pkg/package.sh'
[19.646s] INFO:colcon.colcon_core.shell:Creating package script '/home/ubuntu/ros2_cws/install/my_cpp_pkg/share/my_cpp_pkg/package.bash'
[19.646s] INFO:colcon.colcon_core.shell:Creating package script '/home/ubuntu/ros2_cws/install/my_cpp_pkg/share/my_cpp_pkg/package.zsh'
[19.646s] Level 1:colcon.colcon_core.environment:create_file_with_runtime_dependencies(/home/ubuntu/ros2_cws/install/my_cpp_pkg/share/colcon-core/packages/my_cpp_pkg)
[19.668s] Level 1:colcon.colcon_core.environment:create_environment_scripts_only(my_cpp_pkg)
[19.677s] Level 1:colcon.colcon_core.environment:checking '/home/ubuntu/ros2_cws/install/my_cpp_pkg' for CMake module files
[19.677s] Level 1:colcon.colcon_core.environment:checking '/home/ubuntu/ros2_cws/install/my_cpp_pkg' for CMake config files
[19.677s] Level 1:colcon.colcon_core.shell:create_environment_hook('my_cpp_pkg', 'cmake_prefix_path')
[19.684s] INFO:colcon.colcon_core.shell:Creating environment hook '/home/ubuntu/ros2_cws/install/my_cpp_pkg/share/my_cpp_pkg/hook/cmake_prefix_path.ps1'
[19.684s] INFO:colcon.colcon_core.shell:Creating environment descriptor '/home/ubuntu/ros2_cws/install/my_cpp_pkg/share/my_cpp_pkg/hook/cmake_prefix_path.dsv'
[19.684s] INFO:colcon.colcon_core.shell:Creating environment hook '/home/ubuntu/ros2_cws/install/my_cpp_pkg/share/my_cpp_pkg/hook/cmake_prefix_path.sh'
[19.685s] Level 1:colcon.colcon_core.environment:checking '/home/ubuntu/ros2_cws/install/my_cpp_pkg/bin'
[19.685s] Level 1:colcon.colcon_core.environment:checking '/home/ubuntu/ros2_cws/install/my_cpp_pkg/lib/pkgconfig/my_cpp_pkg.pc'
[19.685s] Level 1:colcon.colcon_core.environment:checking '/home/ubuntu/ros2_cws/install/my_cpp_pkg/lib/python3.10/site-packages'
[19.685s] Level 1:colcon.colcon_core.environment:checking '/home/ubuntu/ros2_cws/install/my_cpp_pkg/bin'
[19.693s] INFO:colcon.colcon_core.shell:Creating package script '/home/ubuntu/ros2_cws/install/my_cpp_pkg/share/my_cpp_pkg/package.ps1'
[19.694s] INFO:colcon.colcon_core.shell:Creating package descriptor '/home/ubuntu/ros2_cws/install/my_cpp_pkg/share/my_cpp_pkg/package.dsv'
[19.694s] INFO:colcon.colcon_core.shell:Creating package script '/home/ubuntu/ros2_cws/install/my_cpp_pkg/share/my_cpp_pkg/package.sh'
[19.694s] INFO:colcon.colcon_core.shell:Creating package script '/home/ubuntu/ros2_cws/install/my_cpp_pkg/share/my_cpp_pkg/package.bash'
[19.694s] INFO:colcon.colcon_core.shell:Creating package script '/home/ubuntu/ros2_cws/install/my_cpp_pkg/share/my_cpp_pkg/package.zsh'
[19.694s] Level 1:colcon.colcon_core.environment:create_file_with_runtime_dependencies(/home/ubuntu/ros2_cws/install/my_cpp_pkg/share/colcon-core/packages/my_cpp_pkg)
[19.695s] DEBUG:colcon.colcon_parallel_executor.executor.parallel:closing loop
[19.695s] DEBUG:colcon.colcon_parallel_executor.executor.parallel:loop closed
[19.695s] DEBUG:colcon.colcon_parallel_executor.executor.parallel:run_until_complete finished with '0'
[19.695s] DEBUG:colcon.colcon_core.event_reactor:joining thread
[19.712s] INFO:colcon.colcon_core.plugin_system:Skipping extension 'colcon_notification.desktop_notification.terminal_notifier': Not used on non-Darwin systems
[19.712s] INFO:colcon.colcon_core.plugin_system:Skipping extension 'colcon_notification.desktop_notification.win32': Not used on non-Windows systems
[19.712s] INFO:colcon.colcon_notification.desktop_notification:Sending desktop notification using 'notify2'
[19.728s] DEBUG:colcon.colcon_core.event_reactor:joined thread
[19.738s] INFO:colcon.colcon_core.shell:Creating prefix script '/home/ubuntu/ros2_cws/install/local_setup.ps1'
[19.738s] INFO:colcon.colcon_core.shell:Creating prefix util module '/home/ubuntu/ros2_cws/install/_local_setup_util_ps1.py'
[19.739s] INFO:colcon.colcon_core.shell:Creating prefix chain script '/home/ubuntu/ros2_cws/install/setup.ps1'
[19.751s] INFO:colcon.colcon_core.shell:Creating prefix script '/home/ubuntu/ros2_cws/install/local_setup.sh'
[19.751s] INFO:colcon.colcon_core.shell:Creating prefix util module '/home/ubuntu/ros2_cws/install/_local_setup_util_sh.py'
[19.752s] INFO:colcon.colcon_core.shell:Creating prefix chain script '/home/ubuntu/ros2_cws/install/setup.sh'
[19.762s] INFO:colcon.colcon_core.shell:Creating prefix script '/home/ubuntu/ros2_cws/install/local_setup.bash'
[19.762s] INFO:colcon.colcon_core.shell:Creating prefix chain script '/home/ubuntu/ros2_cws/install/setup.bash'
[19.772s] INFO:colcon.colcon_core.shell:Creating prefix script '/home/ubuntu/ros2_cws/install/local_setup.zsh'
[19.772s] INFO:colcon.colcon_core.shell:Creating prefix chain script '/home/ubuntu/ros2_cws/install/setup.zsh'
