/home/ubuntu/ros2_cws/install/my_py_pkg/lib/python3.10/site-packages/my_py_pkg/__init__.py
/home/ubuntu/ros2_cws/install/my_py_pkg/lib/python3.10/site-packages/my_py_pkg/my_first_node.py
/home/ubuntu/ros2_cws/install/my_py_pkg/lib/python3.10/site-packages/my_py_pkg/first_subscriber.py
/home/ubuntu/ros2_cws/install/my_py_pkg/lib/python3.10/site-packages/my_py_pkg/addtwoints_service.py
/home/ubuntu/ros2_cws/install/my_py_pkg/lib/python3.10/site-packages/my_py_pkg/first_publisher.py
/home/ubuntu/ros2_cws/install/my_py_pkg/lib/python3.10/site-packages/my_py_pkg/opp_node_first.py
/home/ubuntu/ros2_cws/install/my_py_pkg/lib/python3.10/site-packages/my_py_pkg/__pycache__/__init__.cpython-310.pyc
/home/ubuntu/ros2_cws/install/my_py_pkg/lib/python3.10/site-packages/my_py_pkg/__pycache__/my_first_node.cpython-310.pyc
/home/ubuntu/ros2_cws/install/my_py_pkg/lib/python3.10/site-packages/my_py_pkg/__pycache__/first_subscriber.cpython-310.pyc
/home/ubuntu/ros2_cws/install/my_py_pkg/lib/python3.10/site-packages/my_py_pkg/__pycache__/addtwoints_service.cpython-310.pyc
/home/ubuntu/ros2_cws/install/my_py_pkg/lib/python3.10/site-packages/my_py_pkg/__pycache__/first_publisher.cpython-310.pyc
/home/ubuntu/ros2_cws/install/my_py_pkg/lib/python3.10/site-packages/my_py_pkg/__pycache__/opp_node_first.cpython-310.pyc
/home/ubuntu/ros2_cws/install/my_py_pkg/share/ament_index/resource_index/packages/my_py_pkg
/home/ubuntu/ros2_cws/install/my_py_pkg/share/my_py_pkg/package.xml
/home/ubuntu/ros2_cws/install/my_py_pkg/lib/python3.10/site-packages/my_py_pkg-0.0.0-py3.10.egg-info/entry_points.txt
/home/ubuntu/ros2_cws/install/my_py_pkg/lib/python3.10/site-packages/my_py_pkg-0.0.0-py3.10.egg-info/PKG-INFO
/home/ubuntu/ros2_cws/install/my_py_pkg/lib/python3.10/site-packages/my_py_pkg-0.0.0-py3.10.egg-info/zip-safe
/home/ubuntu/ros2_cws/install/my_py_pkg/lib/python3.10/site-packages/my_py_pkg-0.0.0-py3.10.egg-info/SOURCES.txt
/home/ubuntu/ros2_cws/install/my_py_pkg/lib/python3.10/site-packages/my_py_pkg-0.0.0-py3.10.egg-info/top_level.txt
/home/ubuntu/ros2_cws/install/my_py_pkg/lib/python3.10/site-packages/my_py_pkg-0.0.0-py3.10.egg-info/dependency_links.txt
/home/ubuntu/ros2_cws/install/my_py_pkg/lib/python3.10/site-packages/my_py_pkg-0.0.0-py3.10.egg-info/requires.txt
/home/ubuntu/ros2_cws/install/my_py_pkg/lib/my_py_pkg/add_two_ints_server
/home/ubuntu/ros2_cws/install/my_py_pkg/lib/my_py_pkg/py_node
/home/ubuntu/ros2_cws/install/my_py_pkg/lib/my_py_pkg/py_node_opp
/home/ubuntu/ros2_cws/install/my_py_pkg/lib/my_py_pkg/py_publisher
/home/ubuntu/ros2_cws/install/my_py_pkg/lib/my_py_pkg/py_subscriber
