[0.514s] Invoking command in '/home/ubuntu/ros2_cws/src/my_py_pkg': PYTHONPATH=/home/ubuntu/ros2_cws/build/my_py_pkg/prefix_override:/home/ubuntu/ros2_cws/install/my_py_pkg/lib/python3.10/site-packages:${PYTHONPATH} /usr/bin/python3 setup.py egg_info --egg-base ../../build/my_py_pkg build --build-base /home/ubuntu/ros2_cws/build/my_py_pkg/build install --record /home/ubuntu/ros2_cws/build/my_py_pkg/install.log --single-version-externally-managed
[0.670s] running egg_info
[0.671s] writing ../../build/my_py_pkg/my_py_pkg.egg-info/PKG-INFO
[0.675s] writing dependency_links to ../../build/my_py_pkg/my_py_pkg.egg-info/dependency_links.txt
[0.675s] writing entry points to ../../build/my_py_pkg/my_py_pkg.egg-info/entry_points.txt
[0.675s] writing requirements to ../../build/my_py_pkg/my_py_pkg.egg-info/requires.txt
[0.675s] writing top-level names to ../../build/my_py_pkg/my_py_pkg.egg-info/top_level.txt
[0.676s] reading manifest file '../../build/my_py_pkg/my_py_pkg.egg-info/SOURCES.txt'
[0.677s] writing manifest file '../../build/my_py_pkg/my_py_pkg.egg-info/SOURCES.txt'
[0.677s] running build
[0.677s] running build_py
[0.680s] copying my_py_pkg/first_subscriber.py -> /home/ubuntu/ros2_cws/build/my_py_pkg/build/lib/my_py_pkg
[0.680s] copying my_py_pkg/addtwoints_service.py -> /home/ubuntu/ros2_cws/build/my_py_pkg/build/lib/my_py_pkg
[0.680s] running install
[0.680s] running install_lib
[0.680s] copying /home/ubuntu/ros2_cws/build/my_py_pkg/build/lib/my_py_pkg/first_subscriber.py -> /home/ubuntu/ros2_cws/install/my_py_pkg/lib/python3.10/site-packages/my_py_pkg
[0.681s] copying /home/ubuntu/ros2_cws/build/my_py_pkg/build/lib/my_py_pkg/addtwoints_service.py -> /home/ubuntu/ros2_cws/install/my_py_pkg/lib/python3.10/site-packages/my_py_pkg
[0.681s] byte-compiling /home/ubuntu/ros2_cws/install/my_py_pkg/lib/python3.10/site-packages/my_py_pkg/first_subscriber.py to first_subscriber.cpython-310.pyc
[0.681s] byte-compiling /home/ubuntu/ros2_cws/install/my_py_pkg/lib/python3.10/site-packages/my_py_pkg/addtwoints_service.py to addtwoints_service.cpython-310.pyc
[0.682s] running install_data
[0.682s] running install_egg_info
[0.683s] removing '/home/ubuntu/ros2_cws/install/my_py_pkg/lib/python3.10/site-packages/my_py_pkg-0.0.0-py3.10.egg-info' (and everything under it)
[0.683s] Copying ../../build/my_py_pkg/my_py_pkg.egg-info to /home/ubuntu/ros2_cws/install/my_py_pkg/lib/python3.10/site-packages/my_py_pkg-0.0.0-py3.10.egg-info
[0.685s] running install_scripts
[0.697s] Installing add_two_ints_server script to /home/ubuntu/ros2_cws/install/my_py_pkg/lib/my_py_pkg
[0.700s] Installing py_node script to /home/ubuntu/ros2_cws/install/my_py_pkg/lib/my_py_pkg
[0.700s] Installing py_node_opp script to /home/ubuntu/ros2_cws/install/my_py_pkg/lib/my_py_pkg
[0.700s] Installing py_publisher script to /home/ubuntu/ros2_cws/install/my_py_pkg/lib/my_py_pkg
[0.700s] Installing py_subscriber script to /home/ubuntu/ros2_cws/install/my_py_pkg/lib/my_py_pkg
[0.700s] writing list of installed files to '/home/ubuntu/ros2_cws/build/my_py_pkg/install.log'
[0.716s] Invoked command in '/home/ubuntu/ros2_cws/src/my_py_pkg' returned '0': PYTHONPATH=/home/ubuntu/ros2_cws/build/my_py_pkg/prefix_override:/home/ubuntu/ros2_cws/install/my_py_pkg/lib/python3.10/site-packages:${PYTHONPATH} /usr/bin/python3 setup.py egg_info --egg-base ../../build/my_py_pkg build --build-base /home/ubuntu/ros2_cws/build/my_py_pkg/build install --record /home/ubuntu/ros2_cws/build/my_py_pkg/install.log --single-version-externally-managed
